2021-12-13 11:12:219 INFO  ManageDriver :32 - Launching Chrome Browser
2021-12-13 11:12:872 INFO  StartPage :32 - please accept cookies [[ChromeDriver: chrome on WINDOWS (1f1fbe10d045811a290f082ce955d72b)] -> xpath: //button[normalize-space()='Accept additional cookies']]
2021-12-13 11:12:443 INFO  StartPage :39 - Click on start button: [[ChromeDriver: chrome on WINDOWS (1f1fbe10d045811a290f082ce955d72b)] -> xpath: //a[normalize-space()='Start now']]
2021-12-13 11:12:508 INFO  SelectNationalityPage :32 - select nationality: [[ChromeDriver: chrome on WINDOWS (1f1fbe10d045811a290f082ce955d72b)] -> xpath: //select[@id='response']]
2021-12-13 11:12:719 INFO  SelectNationalityPage :36 - click on continue button [[ChromeDriver: chrome on WINDOWS (1f1fbe10d045811a290f082ce955d72b)] -> xpath: //button[normalize-space()='Continue']]
2021-12-13 11:12:392 INFO  ReasonForTravelPage :37 - Select Reason For Visit[[[ChromeDriver: chrome on WINDOWS (1f1fbe10d045811a290f082ce955d72b)] -> xpath: //div[@class='govuk-radios']//label], [[ChromeDriver: chrome on WINDOWS (1f1fbe10d045811a290f082ce955d72b)] -> xpath: //div[@class='govuk-radios']//label], [[ChromeDriver: chrome on WINDOWS (1f1fbe10d045811a290f082ce955d72b)] -> xpath: //div[@class='govuk-radios']//label], [[ChromeDriver: chrome on WINDOWS (1f1fbe10d045811a290f082ce955d72b)] -> xpath: //div[@class='govuk-radios']//label], [[ChromeDriver: chrome on WINDOWS (1f1fbe10d045811a290f082ce955d72b)] -> xpath: //div[@class='govuk-radios']//label], [[ChromeDriver: chrome on WINDOWS (1f1fbe10d045811a290f082ce955d72b)] -> xpath: //div[@class='govuk-radios']//label], [[ChromeDriver: chrome on WINDOWS (1f1fbe10d045811a290f082ce955d72b)] -> xpath: //div[@class='govuk-radios']//label], [[ChromeDriver: chrome on WINDOWS (1f1fbe10d045811a290f082ce955d72b)] -> xpath: //div[@class='govuk-radios']//label], [[ChromeDriver: chrome on WINDOWS (1f1fbe10d045811a290f082ce955d72b)] -> xpath: //div[@class='govuk-radios']//label]]
2021-12-13 11:12:415 INFO  SelectNationalityPage :36 - click on continue button [[ChromeDriver: chrome on WINDOWS (1f1fbe10d045811a290f082ce955d72b)] -> xpath: //button[normalize-space()='Continue']]
2021-12-13 11:12:07 INFO  ResultPage :26 - get Result Message[[ChromeDriver: chrome on WINDOWS (1f1fbe10d045811a290f082ce955d72b)] -> xpath: //h2[@class='gem-c-heading gem-c-heading--font-size-27 govuk-!-margin-bottom-6']]
2021-12-13 11:12:137 INFO  ManageDriver :32 - Launching Chrome Browser
2021-12-13 11:12:323 INFO  StartPage :32 - please accept cookies [[ChromeDriver: chrome on WINDOWS (dac1af68b177248c81818e8654b2fa47)] -> xpath: //button[normalize-space()='Accept additional cookies']]
2021-12-13 11:12:827 INFO  StartPage :39 - Click on start button: [[ChromeDriver: chrome on WINDOWS (dac1af68b177248c81818e8654b2fa47)] -> xpath: //a[normalize-space()='Start now']]
2021-12-13 11:12:861 INFO  SelectNationalityPage :32 - select nationality: [[ChromeDriver: chrome on WINDOWS (dac1af68b177248c81818e8654b2fa47)] -> xpath: //select[@id='response']]
2021-12-13 11:12:971 INFO  SelectNationalityPage :36 - click on continue button [[ChromeDriver: chrome on WINDOWS (dac1af68b177248c81818e8654b2fa47)] -> xpath: //button[normalize-space()='Continue']]
2021-12-13 11:12:466 INFO  ReasonForTravelPage :37 - Select Reason For Visit[[[ChromeDriver: chrome on WINDOWS (dac1af68b177248c81818e8654b2fa47)] -> xpath: //div[@class='govuk-radios']//label], [[ChromeDriver: chrome on WINDOWS (dac1af68b177248c81818e8654b2fa47)] -> xpath: //div[@class='govuk-radios']//label], [[ChromeDriver: chrome on WINDOWS (dac1af68b177248c81818e8654b2fa47)] -> xpath: //div[@class='govuk-radios']//label], [[ChromeDriver: chrome on WINDOWS (dac1af68b177248c81818e8654b2fa47)] -> xpath: //div[@class='govuk-radios']//label], [[ChromeDriver: chrome on WINDOWS (dac1af68b177248c81818e8654b2fa47)] -> xpath: //div[@class='govuk-radios']//label], [[ChromeDriver: chrome on WINDOWS (dac1af68b177248c81818e8654b2fa47)] -> xpath: //div[@class='govuk-radios']//label], [[ChromeDriver: chrome on WINDOWS (dac1af68b177248c81818e8654b2fa47)] -> xpath: //div[@class='govuk-radios']//label], [[ChromeDriver: chrome on WINDOWS (dac1af68b177248c81818e8654b2fa47)] -> xpath: //div[@class='govuk-radios']//label], [[ChromeDriver: chrome on WINDOWS (dac1af68b177248c81818e8654b2fa47)] -> xpath: //div[@class='govuk-radios']//label]]
2021-12-13 11:12:488 INFO  SelectNationalityPage :36 - click on continue button [[ChromeDriver: chrome on WINDOWS (dac1af68b177248c81818e8654b2fa47)] -> xpath: //button[normalize-space()='Continue']]
2021-12-13 11:12:962 INFO  DurationOfStayPage :42 - Select Duration Of stay[[[ChromeDriver: chrome on WINDOWS (dac1af68b177248c81818e8654b2fa47)] -> xpath: //main[@role='main']//label], [[ChromeDriver: chrome on WINDOWS (dac1af68b177248c81818e8654b2fa47)] -> xpath: //main[@role='main']//label]]
2021-12-13 11:12:986 INFO  SelectNationalityPage :36 - click on continue button [[ChromeDriver: chrome on WINDOWS (dac1af68b177248c81818e8654b2fa47)] -> xpath: //button[normalize-space()='Continue']]
2021-12-13 11:12:583 INFO  WorkTypePage :42 -  select job type :[[[ChromeDriver: chrome on WINDOWS (dac1af68b177248c81818e8654b2fa47)] -> xpath: //div[@class='govuk-radios']//label], [[ChromeDriver: chrome on WINDOWS (dac1af68b177248c81818e8654b2fa47)] -> xpath: //div[@class='govuk-radios']//label], [[ChromeDriver: chrome on WINDOWS (dac1af68b177248c81818e8654b2fa47)] -> xpath: //div[@class='govuk-radios']//label], [[ChromeDriver: chrome on WINDOWS (dac1af68b177248c81818e8654b2fa47)] -> xpath: //div[@class='govuk-radios']//label], [[ChromeDriver: chrome on WINDOWS (dac1af68b177248c81818e8654b2fa47)] -> xpath: //div[@class='govuk-radios']//label], [[ChromeDriver: chrome on WINDOWS (dac1af68b177248c81818e8654b2fa47)] -> xpath: //div[@class='govuk-radios']//label], [[ChromeDriver: chrome on WINDOWS (dac1af68b177248c81818e8654b2fa47)] -> xpath: //div[@class='govuk-radios']//label], [[ChromeDriver: chrome on WINDOWS (dac1af68b177248c81818e8654b2fa47)] -> xpath: //div[@class='govuk-radios']//label]]
2021-12-13 11:12:592 INFO  SelectNationalityPage :36 - click on continue button [[ChromeDriver: chrome on WINDOWS (dac1af68b177248c81818e8654b2fa47)] -> xpath: //button[normalize-space()='Continue']]
2021-12-13 11:12:114 INFO  ResultPage :26 - get Result Message[[ChromeDriver: chrome on WINDOWS (dac1af68b177248c81818e8654b2fa47)] -> xpath: //h2[@class='gem-c-heading gem-c-heading--font-size-27 govuk-!-margin-bottom-6']]
2021-12-13 11:12:143 INFO  ManageDriver :32 - Launching Chrome Browser
2021-12-13 11:12:16 INFO  StartPage :32 - please accept cookies [[ChromeDriver: chrome on WINDOWS (e2f163f96a193d2e932d3f14015dc302)] -> xpath: //button[normalize-space()='Accept additional cookies']]
2021-12-13 11:12:704 INFO  StartPage :39 - Click on start button: [[ChromeDriver: chrome on WINDOWS (e2f163f96a193d2e932d3f14015dc302)] -> xpath: //a[normalize-space()='Start now']]
2021-12-13 11:12:751 INFO  SelectNationalityPage :32 - select nationality: [[ChromeDriver: chrome on WINDOWS (e2f163f96a193d2e932d3f14015dc302)] -> xpath: //select[@id='response']]
2021-12-13 11:12:865 INFO  SelectNationalityPage :36 - click on continue button [[ChromeDriver: chrome on WINDOWS (e2f163f96a193d2e932d3f14015dc302)] -> xpath: //button[normalize-space()='Continue']]
2021-12-13 11:12:501 INFO  ReasonForTravelPage :37 - Select Reason For Visit[[[ChromeDriver: chrome on WINDOWS (e2f163f96a193d2e932d3f14015dc302)] -> xpath: //div[@class='govuk-radios']//label], [[ChromeDriver: chrome on WINDOWS (e2f163f96a193d2e932d3f14015dc302)] -> xpath: //div[@class='govuk-radios']//label], [[ChromeDriver: chrome on WINDOWS (e2f163f96a193d2e932d3f14015dc302)] -> xpath: //div[@class='govuk-radios']//label], [[ChromeDriver: chrome on WINDOWS (e2f163f96a193d2e932d3f14015dc302)] -> xpath: //div[@class='govuk-radios']//label], [[ChromeDriver: chrome on WINDOWS (e2f163f96a193d2e932d3f14015dc302)] -> xpath: //div[@class='govuk-radios']//label], [[ChromeDriver: chrome on WINDOWS (e2f163f96a193d2e932d3f14015dc302)] -> xpath: //div[@class='govuk-radios']//label], [[ChromeDriver: chrome on WINDOWS (e2f163f96a193d2e932d3f14015dc302)] -> xpath: //div[@class='govuk-radios']//label], [[ChromeDriver: chrome on WINDOWS (e2f163f96a193d2e932d3f14015dc302)] -> xpath: //div[@class='govuk-radios']//label], [[ChromeDriver: chrome on WINDOWS (e2f163f96a193d2e932d3f14015dc302)] -> xpath: //div[@class='govuk-radios']//label]]
2021-12-13 11:12:524 INFO  SelectNationalityPage :36 - click on continue button [[ChromeDriver: chrome on WINDOWS (e2f163f96a193d2e932d3f14015dc302)] -> xpath: //button[normalize-space()='Continue']]
2021-12-13 11:12:65 INFO  FamilyImmigrationStatusPage :42 - Select Duration Of stay[[[ChromeDriver: chrome on WINDOWS (e2f163f96a193d2e932d3f14015dc302)] -> xpath:  //div[@class='govuk-radios']//input], [[ChromeDriver: chrome on WINDOWS (e2f163f96a193d2e932d3f14015dc302)] -> xpath:  //div[@class='govuk-radios']//input]]
2021-12-13 11:12:93 INFO  SelectNationalityPage :36 - click on continue button [[ChromeDriver: chrome on WINDOWS (e2f163f96a193d2e932d3f14015dc302)] -> xpath: //button[normalize-space()='Continue']]
2021-12-13 11:12:595 INFO  ResultPage :26 - get Result Message[[ChromeDriver: chrome on WINDOWS (e2f163f96a193d2e932d3f14015dc302)] -> xpath: //h2[@class='gem-c-heading gem-c-heading--font-size-27 govuk-!-margin-bottom-6']]
2021-12-13 23:12:90 INFO  ManageDriver :32 - Launching Chrome Browser
2021-12-13 23:12:190 INFO  ManageDriver :32 - Launching Chrome Browser
2021-12-13 23:12:206 INFO  ManageDriver :32 - Launching Chrome Browser
2021-12-13 23:12:115 INFO  ManageDriver :32 - Launching Chrome Browser
2021-12-14 11:12:479 INFO  ManageDriver :32 - Launching Chrome Browser
2021-12-14 11:12:106 INFO  ManageDriver :32 - Launching Chrome Browser
2021-12-14 11:12:540 INFO  ManageDriver :32 - Launching Chrome Browser
2021-12-14 11:12:668 INFO  ManageDriver :32 - Launching Chrome Browser
2021-12-14 11:12:273 INFO  ManageDriver :32 - Launching Chrome Browser
2021-12-14 11:12:781 INFO  ManageDriver :32 - Launching Chrome Browser
2021-12-14 12:12:107 INFO  ManageDriver :32 - Launching Chrome Browser
2021-12-14 13:12:606 INFO  ManageDriver :32 - Launching Chrome Browser
2021-12-14 13:12:639 INFO  ManageDriver :32 - Launching Chrome Browser
2021-12-14 13:12:518 INFO  ManageDriver :32 - Launching Chrome Browser
2021-12-14 13:12:423 INFO  ManageDriver :32 - Launching Chrome Browser
2021-12-14 13:12:548 INFO  ManageDriver :32 - Launching Chrome Browser
2021-12-14 13:12:852 INFO  ManageDriver :32 - Launching Chrome Browser
2021-12-14 14:12:653 INFO  ManageDriver :32 - Launching Chrome Browser
2021-12-14 14:12:251 INFO  ManageDriver :32 - Launching Chrome Browser
2021-12-14 14:12:834 INFO  ManageDriver :32 - Launching Chrome Browser
2021-12-14 14:12:124 INFO  ManageDriver :32 - Launching Chrome Browser
2021-12-14 14:12:547 INFO  ManageDriver :32 - Launching Chrome Browser
2021-12-14 15:12:202 INFO  ManageDriver :32 - Launching Chrome Browser
2021-12-14 15:12:759 INFO  ManageDriver :32 - Launching Chrome Browser
2021-12-14 15:12:497 INFO  ManageDriver :32 - Launching Chrome Browser
2021-12-14 15:12:34 INFO  ManageDriver :32 - Launching Chrome Browser
2021-12-14 15:12:895 INFO  ManageDriver :32 - Launching Chrome Browser
2021-12-14 15:12:241 INFO  ManageDriver :32 - Launching Chrome Browser
2021-12-14 15:12:218 INFO  ManageDriver :32 - Launching Chrome Browser
2021-12-14 15:12:83 INFO  ManageDriver :32 - Launching Chrome Browser
2021-12-14 15:12:968 INFO  ManageDriver :32 - Launching Chrome Browser
2021-12-14 15:12:567 INFO  ManageDriver :32 - Launching Chrome Browser
2021-12-14 15:12:781 INFO  ManageDriver :32 - Launching Chrome Browser
2021-12-14 15:12:950 INFO  ManageDriver :32 - Launching Chrome Browser
2021-12-14 15:12:827 INFO  ManageDriver :32 - Launching Chrome Browser
2021-12-14 15:12:51 INFO  ManageDriver :32 - Launching Chrome Browser
2021-12-14 15:12:173 INFO  ManageDriver :32 - Launching Chrome Browser
2021-12-14 15:12:955 INFO  ManageDriver :32 - Launching Chrome Browser
2021-12-14 15:12:726 INFO  ManageDriver :32 - Launching Chrome Browser
2021-12-14 15:12:603 INFO  ManageDriver :32 - Launching Chrome Browser
2021-12-14 15:12:852 INFO  ManageDriver :32 - Launching Chrome Browser
2021-12-14 15:12:204 INFO  ManageDriver :32 - Launching Chrome Browser
2021-12-14 16:12:01 INFO  ManageDriver :32 - Launching Chrome Browser
2021-12-14 16:12:537 INFO  ManageDriver :32 - Launching Chrome Browser
2021-12-15 12:12:246 INFO  ManageDriver :32 - Launching Chrome Browser
2021-12-15 12:12:959 INFO  ManageDriver :32 - Launching Chrome Browser
2021-12-15 12:12:696 INFO  ManageDriver :32 - Launching Chrome Browser
2021-12-15 12:12:81 INFO  ManageDriver :32 - Launching Chrome Browser
2021-12-15 12:12:566 INFO  ManageDriver :32 - Launching Chrome Browser
2021-12-15 12:12:518 INFO  ManageDriver :32 - Launching Chrome Browser
2021-12-15 12:12:104 INFO  BuildYourOwnComputerPage :43 - click on cartButton [[ChromeDriver: chrome on WINDOWS (0cf95e514233cf62e5994d85496e54eb)] -> link text: Log in]
2021-12-15 12:12:126 INFO  BuildYourOwnComputerPage :38 - click on cartButton [[ChromeDriver: chrome on WINDOWS (0cf95e514233cf62e5994d85496e54eb)] -> xpath: //h1[contains(text(),'Welcome, Please Sign In!')]]
2021-12-15 12:12:14 INFO  ManageDriver :32 - Launching Chrome Browser
2021-12-15 12:12:713 INFO  BuildYourOwnComputerPage :43 - click on cartButton [[ChromeDriver: chrome on WINDOWS (c2c884e890c04c0317b2b6ff71446eb6)] -> link text: Log in]
2021-12-15 12:12:816 INFO  BuildYourOwnComputerPage :47 - Enter email to email field  [[ChromeDriver: chrome on WINDOWS (c2c884e890c04c0317b2b6ff71446eb6)] -> id: Email]
2021-12-15 12:12:899 INFO  BuildYourOwnComputerPage :54 - Enter password[[ChromeDriver: chrome on WINDOWS (c2c884e890c04c0317b2b6ff71446eb6)] -> name: Password]
2021-12-15 12:12:295 INFO  BuildYourOwnComputerPage :61 - click on[[ChromeDriver: chrome on WINDOWS (c2c884e890c04c0317b2b6ff71446eb6)] -> xpath: //button[contains(text(),'Log in')]]
2021-12-15 12:12:946 INFO  ManageDriver :32 - Launching Chrome Browser
2021-12-15 12:12:71 INFO  BuildYourOwnComputerPage :43 - click on cartButton [[ChromeDriver: chrome on WINDOWS (10afbb8a50df2dc2219ffc72be22e65a)] -> link text: Log in]
2021-12-15 12:12:166 INFO  BuildYourOwnComputerPage :47 - Enter email to email field  [[ChromeDriver: chrome on WINDOWS (10afbb8a50df2dc2219ffc72be22e65a)] -> id: Email]
2021-12-15 12:12:256 INFO  BuildYourOwnComputerPage :54 - Enter password[[ChromeDriver: chrome on WINDOWS (10afbb8a50df2dc2219ffc72be22e65a)] -> name: Password]
2021-12-15 12:12:239 INFO  BuildYourOwnComputerPage :61 - click on[[ChromeDriver: chrome on WINDOWS (10afbb8a50df2dc2219ffc72be22e65a)] -> xpath: //button[contains(text(),'Log in')]]
2021-12-15 12:12:107 INFO  ManageDriver :32 - Launching Chrome Browser
2021-12-15 12:12:916 INFO  BuildYourOwnComputerPage :43 - click on cartButton [[ChromeDriver: chrome on WINDOWS (b27886f912a5622ed5f9538915ef50f5)] -> link text: Log in]
2021-12-15 12:12:22 INFO  BuildYourOwnComputerPage :47 - Enter email to email field  [[ChromeDriver: chrome on WINDOWS (b27886f912a5622ed5f9538915ef50f5)] -> id: Email]
2021-12-15 12:12:95 INFO  BuildYourOwnComputerPage :54 - Enter password[[ChromeDriver: chrome on WINDOWS (b27886f912a5622ed5f9538915ef50f5)] -> name: Password]
2021-12-15 12:12:128 INFO  BuildYourOwnComputerPage :61 - click on[[ChromeDriver: chrome on WINDOWS (b27886f912a5622ed5f9538915ef50f5)] -> xpath: //button[contains(text(),'Log in')]]
2021-12-15 12:12:631 INFO  ManageDriver :32 - Launching Chrome Browser
2021-12-15 12:12:896 INFO  BuildYourOwnComputerPage :43 - click on cartButton [[ChromeDriver: chrome on WINDOWS (c3a15ba63d27d102cac18998d1018585)] -> link text: Log in]
2021-12-15 12:12:995 INFO  BuildYourOwnComputerPage :47 - Enter email to email field  [[ChromeDriver: chrome on WINDOWS (c3a15ba63d27d102cac18998d1018585)] -> id: Email]
2021-12-15 12:12:81 INFO  BuildYourOwnComputerPage :54 - Enter password[[ChromeDriver: chrome on WINDOWS (c3a15ba63d27d102cac18998d1018585)] -> name: Password]
2021-12-15 12:12:90 INFO  BuildYourOwnComputerPage :61 - click on[[ChromeDriver: chrome on WINDOWS (c3a15ba63d27d102cac18998d1018585)] -> xpath: //button[contains(text(),'Log in')]]
2021-12-15 12:12:608 INFO  ManageDriver :32 - Launching Chrome Browser
2021-12-15 12:12:217 INFO  BuildYourOwnComputerPage :43 - click on cartButton [[ChromeDriver: chrome on WINDOWS (e0ce645698f881ba57cd8a656d614745)] -> link text: Log in]
2021-12-15 12:12:316 INFO  BuildYourOwnComputerPage :47 - Enter email to email field  [[ChromeDriver: chrome on WINDOWS (e0ce645698f881ba57cd8a656d614745)] -> id: Email]
2021-12-15 12:12:398 INFO  BuildYourOwnComputerPage :54 - Enter password[[ChromeDriver: chrome on WINDOWS (e0ce645698f881ba57cd8a656d614745)] -> name: Password]
2021-12-15 12:12:368 INFO  BuildYourOwnComputerPage :61 - click on[[ChromeDriver: chrome on WINDOWS (e0ce645698f881ba57cd8a656d614745)] -> xpath: //button[contains(text(),'Log in')]]
2021-12-15 12:12:125 INFO  ManageDriver :32 - Launching Chrome Browser
2021-12-15 12:12:206 INFO  BuildYourOwnComputerPage :43 - click on cartButton [[ChromeDriver: chrome on WINDOWS (d5be6d754917a65931039afdbb1b7fd6)] -> link text: Log in]
2021-12-15 12:12:297 INFO  BuildYourOwnComputerPage :47 - Enter email to email field  [[ChromeDriver: chrome on WINDOWS (d5be6d754917a65931039afdbb1b7fd6)] -> id: Email]
2021-12-15 12:12:388 INFO  BuildYourOwnComputerPage :54 - Enter password[[ChromeDriver: chrome on WINDOWS (d5be6d754917a65931039afdbb1b7fd6)] -> name: Password]
2021-12-15 12:12:393 INFO  BuildYourOwnComputerPage :61 - click on[[ChromeDriver: chrome on WINDOWS (d5be6d754917a65931039afdbb1b7fd6)] -> xpath: //button[contains(text(),'Log in')]]
2021-12-15 12:12:703 INFO  ManageDriver :32 - Launching Chrome Browser
2021-12-15 12:12:218 INFO  BuildYourOwnComputerPage :43 - click on cartButton [[ChromeDriver: chrome on WINDOWS (f7a1150e69fcb83a25fa009365149242)] -> link text: Log in]
2021-12-15 12:12:237 INFO  BuildYourOwnComputerPage :38 - click on cartButton [[ChromeDriver: chrome on WINDOWS (f7a1150e69fcb83a25fa009365149242)] -> xpath: //h1[contains(text(),'Welcome, Please Sign In!')]]
2021-12-15 22:12:528 INFO  ManageDriver :32 - Launching Chrome Browser
2021-12-15 22:12:392 INFO  ManageDriver :32 - Launching Chrome Browser
2021-12-15 22:12:755 INFO  ManageDriver :32 - Launching Chrome Browser
2021-12-15 22:12:265 INFO  BuildYourOwnComputerPage :41 - click on cartButton [[ChromeDriver: chrome on WINDOWS (9d83760ce55779787d3013f671cacecc)] -> link text: Log in]
2021-12-15 22:12:353 INFO  BuildYourOwnComputerPage :45 - Enter email to email field  [[ChromeDriver: chrome on WINDOWS (9d83760ce55779787d3013f671cacecc)] -> id: Email]
2021-12-15 22:12:420 INFO  BuildYourOwnComputerPage :52 - Enter password[[ChromeDriver: chrome on WINDOWS (9d83760ce55779787d3013f671cacecc)] -> name: Password]
2021-12-15 22:12:377 INFO  BuildYourOwnComputerPage :59 - click on[[ChromeDriver: chrome on WINDOWS (9d83760ce55779787d3013f671cacecc)] -> xpath: //button[contains(text(),'Log in')]]
2021-12-15 22:12:294 INFO  ManageDriver :32 - Launching Chrome Browser
2021-12-15 22:12:282 INFO  BuildYourOwnComputerPage :41 - click on cartButton [[ChromeDriver: chrome on WINDOWS (b6772efe904a09e9f8286c37fc050135)] -> link text: Log in]
2021-12-15 22:12:360 INFO  BuildYourOwnComputerPage :45 - Enter email to email field  [[ChromeDriver: chrome on WINDOWS (b6772efe904a09e9f8286c37fc050135)] -> id: Email]
2021-12-15 22:12:421 INFO  BuildYourOwnComputerPage :52 - Enter password[[ChromeDriver: chrome on WINDOWS (b6772efe904a09e9f8286c37fc050135)] -> name: Password]
2021-12-15 22:12:379 INFO  BuildYourOwnComputerPage :59 - click on[[ChromeDriver: chrome on WINDOWS (b6772efe904a09e9f8286c37fc050135)] -> xpath: //button[contains(text(),'Log in')]]
2021-12-15 22:12:813 INFO  ManageDriver :32 - Launching Chrome Browser
2021-12-15 22:12:799 INFO  BuildYourOwnComputerPage :41 - click on cartButton [[ChromeDriver: chrome on WINDOWS (2b8241593f8359f93e96583ff54a4a10)] -> link text: Log in]
2021-12-15 22:12:819 INFO  BuildYourOwnComputerPage :36 - click on cartButton [[ChromeDriver: chrome on WINDOWS (2b8241593f8359f93e96583ff54a4a10)] -> xpath: //h1[contains(text(),'Welcome, Please Sign In!')]]
2021-12-15 22:12:531 INFO  ManageDriver :32 - Launching Chrome Browser
2021-12-15 22:12:157 INFO  BuildYourOwnComputerPage :41 - click on cartButton [[ChromeDriver: chrome on WINDOWS (23964a3c6b66f13ebcb3331cf93f636a)] -> link text: Log in]
2021-12-15 22:12:179 INFO  BuildYourOwnComputerPage :36 - click on cartButton [[ChromeDriver: chrome on WINDOWS (23964a3c6b66f13ebcb3331cf93f636a)] -> xpath: //h1[contains(text(),'Welcome, Please Sign In!')]]
2021-12-15 22:12:851 INFO  ManageDriver :32 - Launching Chrome Browser
2021-12-15 22:12:68 INFO  BuildYourOwnComputerPage :41 - click on cartButton [[ChromeDriver: chrome on WINDOWS (f5e842e0421b187d61105b3434face9b)] -> link text: Log in]
2021-12-15 22:12:160 INFO  BuildYourOwnComputerPage :45 - Enter email to email field  [[ChromeDriver: chrome on WINDOWS (f5e842e0421b187d61105b3434face9b)] -> id: Email]
2021-12-15 22:12:221 INFO  BuildYourOwnComputerPage :52 - Enter password[[ChromeDriver: chrome on WINDOWS (f5e842e0421b187d61105b3434face9b)] -> name: Password]
2021-12-15 22:12:282 INFO  BuildYourOwnComputerPage :59 - click on[[ChromeDriver: chrome on WINDOWS (f5e842e0421b187d61105b3434face9b)] -> xpath: //button[contains(text(),'Log in')]]
2021-12-15 22:12:291 INFO  ManageDriver :32 - Launching Chrome Browser
2021-12-15 22:12:363 INFO  BuildYourOwnComputerPage :41 - click on cartButton [[ChromeDriver: chrome on WINDOWS (647747a1cb5bbfc94eb73950c7f8d201)] -> link text: Log in]
2021-12-15 22:12:437 INFO  BuildYourOwnComputerPage :45 - Enter email to email field  [[ChromeDriver: chrome on WINDOWS (647747a1cb5bbfc94eb73950c7f8d201)] -> id: Email]
2021-12-15 22:12:502 INFO  BuildYourOwnComputerPage :52 - Enter password[[ChromeDriver: chrome on WINDOWS (647747a1cb5bbfc94eb73950c7f8d201)] -> name: Password]
2021-12-15 22:12:963 INFO  BuildYourOwnComputerPage :59 - click on[[ChromeDriver: chrome on WINDOWS (647747a1cb5bbfc94eb73950c7f8d201)] -> xpath: //button[contains(text(),'Log in')]]
2021-12-15 22:12:633 INFO  ManageDriver :32 - Launching Chrome Browser
2021-12-15 22:12:892 INFO  BuildYourOwnComputerPage :41 - click on cartButton [[ChromeDriver: chrome on WINDOWS (6f0cbb1f1fd40ce1f0a0ac9efc8ebef9)] -> link text: Log in]
2021-12-15 22:12:954 INFO  BuildYourOwnComputerPage :45 - Enter email to email field  [[ChromeDriver: chrome on WINDOWS (6f0cbb1f1fd40ce1f0a0ac9efc8ebef9)] -> id: Email]
2021-12-15 22:12:15 INFO  BuildYourOwnComputerPage :52 - Enter password[[ChromeDriver: chrome on WINDOWS (6f0cbb1f1fd40ce1f0a0ac9efc8ebef9)] -> name: Password]
2021-12-15 22:12:984 INFO  BuildYourOwnComputerPage :59 - click on[[ChromeDriver: chrome on WINDOWS (6f0cbb1f1fd40ce1f0a0ac9efc8ebef9)] -> xpath: //button[contains(text(),'Log in')]]
2021-12-15 22:12:02 INFO  BuildYourOwnComputerPage :66 - verify error message  [[ChromeDriver: chrome on WINDOWS (6f0cbb1f1fd40ce1f0a0ac9efc8ebef9)] -> xpath: //div[@class='message-error validation-summary-errors']]
2021-12-15 22:12:688 INFO  ManageDriver :32 - Launching Chrome Browser
2021-12-15 22:12:540 INFO  BuildYourOwnComputerPage :41 - click on cartButton [[ChromeDriver: chrome on WINDOWS (86b7b2da2f460e4ec60111df8cbfe27f)] -> link text: Log in]
2021-12-15 22:12:617 INFO  BuildYourOwnComputerPage :45 - Enter email to email field  [[ChromeDriver: chrome on WINDOWS (86b7b2da2f460e4ec60111df8cbfe27f)] -> id: Email]
2021-12-15 22:12:678 INFO  BuildYourOwnComputerPage :52 - Enter password[[ChromeDriver: chrome on WINDOWS (86b7b2da2f460e4ec60111df8cbfe27f)] -> name: Password]
2021-12-15 22:12:601 INFO  BuildYourOwnComputerPage :59 - click on[[ChromeDriver: chrome on WINDOWS (86b7b2da2f460e4ec60111df8cbfe27f)] -> xpath: //button[contains(text(),'Log in')]]
2021-12-15 22:12:618 INFO  BuildYourOwnComputerPage :66 - verify error message  [[ChromeDriver: chrome on WINDOWS (86b7b2da2f460e4ec60111df8cbfe27f)] -> xpath: //div[@class='message-error validation-summary-errors']]
2021-12-15 22:12:301 INFO  ManageDriver :32 - Launching Chrome Browser
2021-12-15 22:12:394 INFO  BuildYourOwnComputerPage :41 - click on cartButton [[ChromeDriver: chrome on WINDOWS (fada418c69cd526f07bece70c2cf82ae)] -> link text: Log in]
2021-12-15 22:12:459 INFO  BuildYourOwnComputerPage :45 - Enter email to email field  [[ChromeDriver: chrome on WINDOWS (fada418c69cd526f07bece70c2cf82ae)] -> id: Email]
2021-12-15 22:12:521 INFO  BuildYourOwnComputerPage :52 - Enter password[[ChromeDriver: chrome on WINDOWS (fada418c69cd526f07bece70c2cf82ae)] -> name: Password]
2021-12-15 22:12:521 INFO  BuildYourOwnComputerPage :59 - click on[[ChromeDriver: chrome on WINDOWS (fada418c69cd526f07bece70c2cf82ae)] -> xpath: //button[contains(text(),'Log in')]]
2021-12-15 22:12:541 INFO  BuildYourOwnComputerPage :66 - verify error message  [[ChromeDriver: chrome on WINDOWS (fada418c69cd526f07bece70c2cf82ae)] -> xpath: //div[@class='message-error validation-summary-errors']]
